<?xml version="1.0" encoding="UTF-8"?>
<testsuite xmlns:xsi="http://www.w3.org/2001/XMLSchema-instance" xsi:noNamespaceSchemaLocation="https://maven.apache.org/surefire/maven-surefire-plugin/xsd/surefire-test-report.xsd" name="com.yiling.YiLingClockInSystemApplicationTests" time="4.934" tests="1" errors="0" skipped="0" failures="0">
  <properties>
    <property name="sun.desktop" value="windows"/>
    <property name="awt.toolkit" value="sun.awt.windows.WToolkit"/>
    <property name="file.encoding.pkg" value="sun.io"/>
    <property name="java.specification.version" value="1.8"/>
    <property name="sun.cpu.isalist" value="amd64"/>
    <property name="sun.jnu.encoding" value="GBK"/>
    <property name="java.class.path" value="D:\project\SpringBoot\YiLing_ClockIn_System\target\test-classes;D:\project\SpringBoot\YiLing_ClockIn_System\target\classes;D:\apache-maven-3.8.6\mvn_resp\org\springframework\boot\spring-boot-starter-jdbc\2.7.9\spring-boot-starter-jdbc-2.7.9.jar;D:\apache-maven-3.8.6\mvn_resp\org\springframework\boot\spring-boot-starter\2.7.9\spring-boot-starter-2.7.9.jar;D:\apache-maven-3.8.6\mvn_resp\org\springframework\boot\spring-boot\2.7.9\spring-boot-2.7.9.jar;D:\apache-maven-3.8.6\mvn_resp\org\springframework\boot\spring-boot-starter-logging\2.7.9\spring-boot-starter-logging-2.7.9.jar;D:\apache-maven-3.8.6\mvn_resp\ch\qos\logback\logback-classic\1.2.11\logback-classic-1.2.11.jar;D:\apache-maven-3.8.6\mvn_resp\ch\qos\logback\logback-core\1.2.11\logback-core-1.2.11.jar;D:\apache-maven-3.8.6\mvn_resp\org\apache\logging\log4j\log4j-to-slf4j\2.17.2\log4j-to-slf4j-2.17.2.jar;D:\apache-maven-3.8.6\mvn_resp\org\apache\logging\log4j\log4j-api\2.17.2\log4j-api-2.17.2.jar;D:\apache-maven-3.8.6\mvn_resp\org\slf4j\jul-to-slf4j\1.7.36\jul-to-slf4j-1.7.36.jar;D:\apache-maven-3.8.6\mvn_resp\jakarta\annotation\jakarta.annotation-api\1.3.5\jakarta.annotation-api-1.3.5.jar;D:\apache-maven-3.8.6\mvn_resp\org\yaml\snakeyaml\1.30\snakeyaml-1.30.jar;D:\apache-maven-3.8.6\mvn_resp\com\zaxxer\HikariCP\4.0.3\HikariCP-4.0.3.jar;D:\apache-maven-3.8.6\mvn_resp\org\slf4j\slf4j-api\1.7.36\slf4j-api-1.7.36.jar;D:\apache-maven-3.8.6\mvn_resp\org\springframework\spring-jdbc\5.3.25\spring-jdbc-5.3.25.jar;D:\apache-maven-3.8.6\mvn_resp\org\springframework\spring-beans\5.3.25\spring-beans-5.3.25.jar;D:\apache-maven-3.8.6\mvn_resp\org\springframework\spring-tx\5.3.25\spring-tx-5.3.25.jar;D:\apache-maven-3.8.6\mvn_resp\org\springframework\boot\spring-boot-starter-web\2.7.9\spring-boot-starter-web-2.7.9.jar;D:\apache-maven-3.8.6\mvn_resp\org\springframework\boot\spring-boot-starter-json\2.7.9\spring-boot-starter-json-2.7.9.jar;D:\apache-maven-3.8.6\mvn_resp\com\fasterxml\jackson\core\jackson-databind\2.13.5\jackson-databind-2.13.5.jar;D:\apache-maven-3.8.6\mvn_resp\com\fasterxml\jackson\core\jackson-annotations\2.13.5\jackson-annotations-2.13.5.jar;D:\apache-maven-3.8.6\mvn_resp\com\fasterxml\jackson\core\jackson-core\2.13.5\jackson-core-2.13.5.jar;D:\apache-maven-3.8.6\mvn_resp\com\fasterxml\jackson\datatype\jackson-datatype-jdk8\2.13.5\jackson-datatype-jdk8-2.13.5.jar;D:\apache-maven-3.8.6\mvn_resp\com\fasterxml\jackson\datatype\jackson-datatype-jsr310\2.13.5\jackson-datatype-jsr310-2.13.5.jar;D:\apache-maven-3.8.6\mvn_resp\com\fasterxml\jackson\module\jackson-module-parameter-names\2.13.5\jackson-module-parameter-names-2.13.5.jar;D:\apache-maven-3.8.6\mvn_resp\org\springframework\boot\spring-boot-starter-tomcat\2.7.9\spring-boot-starter-tomcat-2.7.9.jar;D:\apache-maven-3.8.6\mvn_resp\org\apache\tomcat\embed\tomcat-embed-core\9.0.71\tomcat-embed-core-9.0.71.jar;D:\apache-maven-3.8.6\mvn_resp\org\apache\tomcat\embed\tomcat-embed-el\9.0.71\tomcat-embed-el-9.0.71.jar;D:\apache-maven-3.8.6\mvn_resp\org\apache\tomcat\embed\tomcat-embed-websocket\9.0.71\tomcat-embed-websocket-9.0.71.jar;D:\apache-maven-3.8.6\mvn_resp\org\springframework\spring-web\5.3.25\spring-web-5.3.25.jar;D:\apache-maven-3.8.6\mvn_resp\org\springframework\spring-webmvc\5.3.25\spring-webmvc-5.3.25.jar;D:\apache-maven-3.8.6\mvn_resp\org\springframework\spring-aop\5.3.25\spring-aop-5.3.25.jar;D:\apache-maven-3.8.6\mvn_resp\org\springframework\spring-context\5.3.25\spring-context-5.3.25.jar;D:\apache-maven-3.8.6\mvn_resp\org\springframework\spring-expression\5.3.25\spring-expression-5.3.25.jar;D:\apache-maven-3.8.6\mvn_resp\org\mybatis\spring\boot\mybatis-spring-boot-starter\2.3.0\mybatis-spring-boot-starter-2.3.0.jar;D:\apache-maven-3.8.6\mvn_resp\org\mybatis\spring\boot\mybatis-spring-boot-autoconfigure\2.3.0\mybatis-spring-boot-autoconfigure-2.3.0.jar;D:\apache-maven-3.8.6\mvn_resp\org\mybatis\mybatis\3.5.11\mybatis-3.5.11.jar;D:\apache-maven-3.8.6\mvn_resp\org\mybatis\mybatis-spring\2.1.0\mybatis-spring-2.1.0.jar;D:\apache-maven-3.8.6\mvn_resp\com\mysql\mysql-connector-j\8.0.32\mysql-connector-j-8.0.32.jar;D:\apache-maven-3.8.6\mvn_resp\org\springframework\boot\spring-boot-configuration-processor\2.7.9\spring-boot-configuration-processor-2.7.9.jar;D:\apache-maven-3.8.6\mvn_resp\org\projectlombok\lombok\1.18.26\lombok-1.18.26.jar;D:\apache-maven-3.8.6\mvn_resp\org\springframework\boot\spring-boot-starter-test\2.7.9\spring-boot-starter-test-2.7.9.jar;D:\apache-maven-3.8.6\mvn_resp\org\springframework\boot\spring-boot-test\2.7.9\spring-boot-test-2.7.9.jar;D:\apache-maven-3.8.6\mvn_resp\org\springframework\boot\spring-boot-test-autoconfigure\2.7.9\spring-boot-test-autoconfigure-2.7.9.jar;D:\apache-maven-3.8.6\mvn_resp\com\jayway\jsonpath\json-path\2.7.0\json-path-2.7.0.jar;D:\apache-maven-3.8.6\mvn_resp\net\minidev\json-smart\2.4.8\json-smart-2.4.8.jar;D:\apache-maven-3.8.6\mvn_resp\net\minidev\accessors-smart\2.4.8\accessors-smart-2.4.8.jar;D:\apache-maven-3.8.6\mvn_resp\org\ow2\asm\asm\9.1\asm-9.1.jar;D:\apache-maven-3.8.6\mvn_resp\jakarta\xml\bind\jakarta.xml.bind-api\2.3.3\jakarta.xml.bind-api-2.3.3.jar;D:\apache-maven-3.8.6\mvn_resp\jakarta\activation\jakarta.activation-api\1.2.2\jakarta.activation-api-1.2.2.jar;D:\apache-maven-3.8.6\mvn_resp\org\assertj\assertj-core\3.22.0\assertj-core-3.22.0.jar;D:\apache-maven-3.8.6\mvn_resp\org\hamcrest\hamcrest\2.2\hamcrest-2.2.jar;D:\apache-maven-3.8.6\mvn_resp\org\junit\jupiter\junit-jupiter\5.8.2\junit-jupiter-5.8.2.jar;D:\apache-maven-3.8.6\mvn_resp\org\junit\jupiter\junit-jupiter-api\5.8.2\junit-jupiter-api-5.8.2.jar;D:\apache-maven-3.8.6\mvn_resp\org\opentest4j\opentest4j\1.2.0\opentest4j-1.2.0.jar;D:\apache-maven-3.8.6\mvn_resp\org\junit\platform\junit-platform-commons\1.8.2\junit-platform-commons-1.8.2.jar;D:\apache-maven-3.8.6\mvn_resp\org\apiguardian\apiguardian-api\1.1.2\apiguardian-api-1.1.2.jar;D:\apache-maven-3.8.6\mvn_resp\org\junit\jupiter\junit-jupiter-params\5.8.2\junit-jupiter-params-5.8.2.jar;D:\apache-maven-3.8.6\mvn_resp\org\junit\jupiter\junit-jupiter-engine\5.8.2\junit-jupiter-engine-5.8.2.jar;D:\apache-maven-3.8.6\mvn_resp\org\junit\platform\junit-platform-engine\1.8.2\junit-platform-engine-1.8.2.jar;D:\apache-maven-3.8.6\mvn_resp\org\mockito\mockito-core\4.5.1\mockito-core-4.5.1.jar;D:\apache-maven-3.8.6\mvn_resp\net\bytebuddy\byte-buddy\1.12.23\byte-buddy-1.12.23.jar;D:\apache-maven-3.8.6\mvn_resp\net\bytebuddy\byte-buddy-agent\1.12.23\byte-buddy-agent-1.12.23.jar;D:\apache-maven-3.8.6\mvn_resp\org\objenesis\objenesis\3.2\objenesis-3.2.jar;D:\apache-maven-3.8.6\mvn_resp\org\mockito\mockito-junit-jupiter\4.5.1\mockito-junit-jupiter-4.5.1.jar;D:\apache-maven-3.8.6\mvn_resp\org\skyscreamer\jsonassert\1.5.1\jsonassert-1.5.1.jar;D:\apache-maven-3.8.6\mvn_resp\com\vaadin\external\google\android-json\0.0.20131108.vaadin1\android-json-0.0.20131108.vaadin1.jar;D:\apache-maven-3.8.6\mvn_resp\org\springframework\spring-core\5.3.25\spring-core-5.3.25.jar;D:\apache-maven-3.8.6\mvn_resp\org\springframework\spring-jcl\5.3.25\spring-jcl-5.3.25.jar;D:\apache-maven-3.8.6\mvn_resp\org\springframework\spring-test\5.3.25\spring-test-5.3.25.jar;D:\apache-maven-3.8.6\mvn_resp\org\xmlunit\xmlunit-core\2.9.1\xmlunit-core-2.9.1.jar;D:\apache-maven-3.8.6\mvn_resp\com\baomidou\mybatis-plus-boot-starter\3.4.1\mybatis-plus-boot-starter-3.4.1.jar;D:\apache-maven-3.8.6\mvn_resp\com\baomidou\mybatis-plus\3.4.1\mybatis-plus-3.4.1.jar;D:\apache-maven-3.8.6\mvn_resp\com\baomidou\mybatis-plus-extension\3.4.1\mybatis-plus-extension-3.4.1.jar;D:\apache-maven-3.8.6\mvn_resp\com\baomidou\mybatis-plus-core\3.4.1\mybatis-plus-core-3.4.1.jar;D:\apache-maven-3.8.6\mvn_resp\com\baomidou\mybatis-plus-annotation\3.4.1\mybatis-plus-annotation-3.4.1.jar;D:\apache-maven-3.8.6\mvn_resp\com\github\jsqlparser\jsqlparser\3.2\jsqlparser-3.2.jar;D:\apache-maven-3.8.6\mvn_resp\org\springframework\boot\spring-boot-autoconfigure\2.7.9\spring-boot-autoconfigure-2.7.9.jar;D:\apache-maven-3.8.6\mvn_resp\com\alibaba\druid\1.1.10\druid-1.1.10.jar;D:\apache-maven-3.8.6\mvn_resp\com\alibaba\fastjson\2.0.17\fastjson-2.0.17.jar;D:\apache-maven-3.8.6\mvn_resp\com\alibaba\fastjson2\fastjson2-extension\2.0.17\fastjson2-extension-2.0.17.jar;D:\apache-maven-3.8.6\mvn_resp\com\alibaba\fastjson2\fastjson2\2.0.17\fastjson2-2.0.17.jar;"/>
    <property name="java.vm.vendor" value="Oracle Corporation"/>
    <property name="sun.arch.data.model" value="64"/>
    <property name="user.variant" value=""/>
    <property name="java.vendor.url" value="http://java.oracle.com/"/>
    <property name="user.timezone" value="Asia/Shanghai"/>
    <property name="java.vm.specification.version" value="1.8"/>
    <property name="os.name" value="Windows 11"/>
    <property name="user.country" value="CN"/>
    <property name="sun.java.launcher" value="SUN_STANDARD"/>
    <property name="sun.boot.library.path" value="D:\Java\jdk1.8.0_321\jre\bin"/>
    <property name="sun.java.command" value="C:\Users\MISAKI~1\AppData\Local\Temp\surefire4311415051969205709\surefirebooter9073680179447293432.jar C:\Users\MisakiMikoto\AppData\Local\Temp\surefire4311415051969205709 2023-03-14T21-33-20_282-jvmRun1 surefire9073778706390201934tmp surefire_02202143469778382085tmp"/>
    <property name="surefire.test.class.path" value="D:\project\SpringBoot\YiLing_ClockIn_System\target\test-classes;D:\project\SpringBoot\YiLing_ClockIn_System\target\classes;D:\apache-maven-3.8.6\mvn_resp\org\springframework\boot\spring-boot-starter-jdbc\2.7.9\spring-boot-starter-jdbc-2.7.9.jar;D:\apache-maven-3.8.6\mvn_resp\org\springframework\boot\spring-boot-starter\2.7.9\spring-boot-starter-2.7.9.jar;D:\apache-maven-3.8.6\mvn_resp\org\springframework\boot\spring-boot\2.7.9\spring-boot-2.7.9.jar;D:\apache-maven-3.8.6\mvn_resp\org\springframework\boot\spring-boot-starter-logging\2.7.9\spring-boot-starter-logging-2.7.9.jar;D:\apache-maven-3.8.6\mvn_resp\ch\qos\logback\logback-classic\1.2.11\logback-classic-1.2.11.jar;D:\apache-maven-3.8.6\mvn_resp\ch\qos\logback\logback-core\1.2.11\logback-core-1.2.11.jar;D:\apache-maven-3.8.6\mvn_resp\org\apache\logging\log4j\log4j-to-slf4j\2.17.2\log4j-to-slf4j-2.17.2.jar;D:\apache-maven-3.8.6\mvn_resp\org\apache\logging\log4j\log4j-api\2.17.2\log4j-api-2.17.2.jar;D:\apache-maven-3.8.6\mvn_resp\org\slf4j\jul-to-slf4j\1.7.36\jul-to-slf4j-1.7.36.jar;D:\apache-maven-3.8.6\mvn_resp\jakarta\annotation\jakarta.annotation-api\1.3.5\jakarta.annotation-api-1.3.5.jar;D:\apache-maven-3.8.6\mvn_resp\org\yaml\snakeyaml\1.30\snakeyaml-1.30.jar;D:\apache-maven-3.8.6\mvn_resp\com\zaxxer\HikariCP\4.0.3\HikariCP-4.0.3.jar;D:\apache-maven-3.8.6\mvn_resp\org\slf4j\slf4j-api\1.7.36\slf4j-api-1.7.36.jar;D:\apache-maven-3.8.6\mvn_resp\org\springframework\spring-jdbc\5.3.25\spring-jdbc-5.3.25.jar;D:\apache-maven-3.8.6\mvn_resp\org\springframework\spring-beans\5.3.25\spring-beans-5.3.25.jar;D:\apache-maven-3.8.6\mvn_resp\org\springframework\spring-tx\5.3.25\spring-tx-5.3.25.jar;D:\apache-maven-3.8.6\mvn_resp\org\springframework\boot\spring-boot-starter-web\2.7.9\spring-boot-starter-web-2.7.9.jar;D:\apache-maven-3.8.6\mvn_resp\org\springframework\boot\spring-boot-starter-json\2.7.9\spring-boot-starter-json-2.7.9.jar;D:\apache-maven-3.8.6\mvn_resp\com\fasterxml\jackson\core\jackson-databind\2.13.5\jackson-databind-2.13.5.jar;D:\apache-maven-3.8.6\mvn_resp\com\fasterxml\jackson\core\jackson-annotations\2.13.5\jackson-annotations-2.13.5.jar;D:\apache-maven-3.8.6\mvn_resp\com\fasterxml\jackson\core\jackson-core\2.13.5\jackson-core-2.13.5.jar;D:\apache-maven-3.8.6\mvn_resp\com\fasterxml\jackson\datatype\jackson-datatype-jdk8\2.13.5\jackson-datatype-jdk8-2.13.5.jar;D:\apache-maven-3.8.6\mvn_resp\com\fasterxml\jackson\datatype\jackson-datatype-jsr310\2.13.5\jackson-datatype-jsr310-2.13.5.jar;D:\apache-maven-3.8.6\mvn_resp\com\fasterxml\jackson\module\jackson-module-parameter-names\2.13.5\jackson-module-parameter-names-2.13.5.jar;D:\apache-maven-3.8.6\mvn_resp\org\springframework\boot\spring-boot-starter-tomcat\2.7.9\spring-boot-starter-tomcat-2.7.9.jar;D:\apache-maven-3.8.6\mvn_resp\org\apache\tomcat\embed\tomcat-embed-core\9.0.71\tomcat-embed-core-9.0.71.jar;D:\apache-maven-3.8.6\mvn_resp\org\apache\tomcat\embed\tomcat-embed-el\9.0.71\tomcat-embed-el-9.0.71.jar;D:\apache-maven-3.8.6\mvn_resp\org\apache\tomcat\embed\tomcat-embed-websocket\9.0.71\tomcat-embed-websocket-9.0.71.jar;D:\apache-maven-3.8.6\mvn_resp\org\springframework\spring-web\5.3.25\spring-web-5.3.25.jar;D:\apache-maven-3.8.6\mvn_resp\org\springframework\spring-webmvc\5.3.25\spring-webmvc-5.3.25.jar;D:\apache-maven-3.8.6\mvn_resp\org\springframework\spring-aop\5.3.25\spring-aop-5.3.25.jar;D:\apache-maven-3.8.6\mvn_resp\org\springframework\spring-context\5.3.25\spring-context-5.3.25.jar;D:\apache-maven-3.8.6\mvn_resp\org\springframework\spring-expression\5.3.25\spring-expression-5.3.25.jar;D:\apache-maven-3.8.6\mvn_resp\org\mybatis\spring\boot\mybatis-spring-boot-starter\2.3.0\mybatis-spring-boot-starter-2.3.0.jar;D:\apache-maven-3.8.6\mvn_resp\org\mybatis\spring\boot\mybatis-spring-boot-autoconfigure\2.3.0\mybatis-spring-boot-autoconfigure-2.3.0.jar;D:\apache-maven-3.8.6\mvn_resp\org\mybatis\mybatis\3.5.11\mybatis-3.5.11.jar;D:\apache-maven-3.8.6\mvn_resp\org\mybatis\mybatis-spring\2.1.0\mybatis-spring-2.1.0.jar;D:\apache-maven-3.8.6\mvn_resp\com\mysql\mysql-connector-j\8.0.32\mysql-connector-j-8.0.32.jar;D:\apache-maven-3.8.6\mvn_resp\org\springframework\boot\spring-boot-configuration-processor\2.7.9\spring-boot-configuration-processor-2.7.9.jar;D:\apache-maven-3.8.6\mvn_resp\org\projectlombok\lombok\1.18.26\lombok-1.18.26.jar;D:\apache-maven-3.8.6\mvn_resp\org\springframework\boot\spring-boot-starter-test\2.7.9\spring-boot-starter-test-2.7.9.jar;D:\apache-maven-3.8.6\mvn_resp\org\springframework\boot\spring-boot-test\2.7.9\spring-boot-test-2.7.9.jar;D:\apache-maven-3.8.6\mvn_resp\org\springframework\boot\spring-boot-test-autoconfigure\2.7.9\spring-boot-test-autoconfigure-2.7.9.jar;D:\apache-maven-3.8.6\mvn_resp\com\jayway\jsonpath\json-path\2.7.0\json-path-2.7.0.jar;D:\apache-maven-3.8.6\mvn_resp\net\minidev\json-smart\2.4.8\json-smart-2.4.8.jar;D:\apache-maven-3.8.6\mvn_resp\net\minidev\accessors-smart\2.4.8\accessors-smart-2.4.8.jar;D:\apache-maven-3.8.6\mvn_resp\org\ow2\asm\asm\9.1\asm-9.1.jar;D:\apache-maven-3.8.6\mvn_resp\jakarta\xml\bind\jakarta.xml.bind-api\2.3.3\jakarta.xml.bind-api-2.3.3.jar;D:\apache-maven-3.8.6\mvn_resp\jakarta\activation\jakarta.activation-api\1.2.2\jakarta.activation-api-1.2.2.jar;D:\apache-maven-3.8.6\mvn_resp\org\assertj\assertj-core\3.22.0\assertj-core-3.22.0.jar;D:\apache-maven-3.8.6\mvn_resp\org\hamcrest\hamcrest\2.2\hamcrest-2.2.jar;D:\apache-maven-3.8.6\mvn_resp\org\junit\jupiter\junit-jupiter\5.8.2\junit-jupiter-5.8.2.jar;D:\apache-maven-3.8.6\mvn_resp\org\junit\jupiter\junit-jupiter-api\5.8.2\junit-jupiter-api-5.8.2.jar;D:\apache-maven-3.8.6\mvn_resp\org\opentest4j\opentest4j\1.2.0\opentest4j-1.2.0.jar;D:\apache-maven-3.8.6\mvn_resp\org\junit\platform\junit-platform-commons\1.8.2\junit-platform-commons-1.8.2.jar;D:\apache-maven-3.8.6\mvn_resp\org\apiguardian\apiguardian-api\1.1.2\apiguardian-api-1.1.2.jar;D:\apache-maven-3.8.6\mvn_resp\org\junit\jupiter\junit-jupiter-params\5.8.2\junit-jupiter-params-5.8.2.jar;D:\apache-maven-3.8.6\mvn_resp\org\junit\jupiter\junit-jupiter-engine\5.8.2\junit-jupiter-engine-5.8.2.jar;D:\apache-maven-3.8.6\mvn_resp\org\junit\platform\junit-platform-engine\1.8.2\junit-platform-engine-1.8.2.jar;D:\apache-maven-3.8.6\mvn_resp\org\mockito\mockito-core\4.5.1\mockito-core-4.5.1.jar;D:\apache-maven-3.8.6\mvn_resp\net\bytebuddy\byte-buddy\1.12.23\byte-buddy-1.12.23.jar;D:\apache-maven-3.8.6\mvn_resp\net\bytebuddy\byte-buddy-agent\1.12.23\byte-buddy-agent-1.12.23.jar;D:\apache-maven-3.8.6\mvn_resp\org\objenesis\objenesis\3.2\objenesis-3.2.jar;D:\apache-maven-3.8.6\mvn_resp\org\mockito\mockito-junit-jupiter\4.5.1\mockito-junit-jupiter-4.5.1.jar;D:\apache-maven-3.8.6\mvn_resp\org\skyscreamer\jsonassert\1.5.1\jsonassert-1.5.1.jar;D:\apache-maven-3.8.6\mvn_resp\com\vaadin\external\google\android-json\0.0.20131108.vaadin1\android-json-0.0.20131108.vaadin1.jar;D:\apache-maven-3.8.6\mvn_resp\org\springframework\spring-core\5.3.25\spring-core-5.3.25.jar;D:\apache-maven-3.8.6\mvn_resp\org\springframework\spring-jcl\5.3.25\spring-jcl-5.3.25.jar;D:\apache-maven-3.8.6\mvn_resp\org\springframework\spring-test\5.3.25\spring-test-5.3.25.jar;D:\apache-maven-3.8.6\mvn_resp\org\xmlunit\xmlunit-core\2.9.1\xmlunit-core-2.9.1.jar;D:\apache-maven-3.8.6\mvn_resp\com\baomidou\mybatis-plus-boot-starter\3.4.1\mybatis-plus-boot-starter-3.4.1.jar;D:\apache-maven-3.8.6\mvn_resp\com\baomidou\mybatis-plus\3.4.1\mybatis-plus-3.4.1.jar;D:\apache-maven-3.8.6\mvn_resp\com\baomidou\mybatis-plus-extension\3.4.1\mybatis-plus-extension-3.4.1.jar;D:\apache-maven-3.8.6\mvn_resp\com\baomidou\mybatis-plus-core\3.4.1\mybatis-plus-core-3.4.1.jar;D:\apache-maven-3.8.6\mvn_resp\com\baomidou\mybatis-plus-annotation\3.4.1\mybatis-plus-annotation-3.4.1.jar;D:\apache-maven-3.8.6\mvn_resp\com\github\jsqlparser\jsqlparser\3.2\jsqlparser-3.2.jar;D:\apache-maven-3.8.6\mvn_resp\org\springframework\boot\spring-boot-autoconfigure\2.7.9\spring-boot-autoconfigure-2.7.9.jar;D:\apache-maven-3.8.6\mvn_resp\com\alibaba\druid\1.1.10\druid-1.1.10.jar;D:\apache-maven-3.8.6\mvn_resp\com\alibaba\fastjson\2.0.17\fastjson-2.0.17.jar;D:\apache-maven-3.8.6\mvn_resp\com\alibaba\fastjson2\fastjson2-extension\2.0.17\fastjson2-extension-2.0.17.jar;D:\apache-maven-3.8.6\mvn_resp\com\alibaba\fastjson2\fastjson2\2.0.17\fastjson2-2.0.17.jar;"/>
    <property name="sun.cpu.endian" value="little"/>
    <property name="user.home" value="C:\Users\MisakiMikoto"/>
    <property name="user.language" value="zh"/>
    <property name="java.specification.vendor" value="Oracle Corporation"/>
    <property name="java.home" value="D:\Java\jdk1.8.0_321\jre"/>
    <property name="basedir" value="D:\project\SpringBoot\YiLing_ClockIn_System"/>
    <property name="file.separator" value="\"/>
    <property name="line.separator" value="&#10;"/>
    <property name="java.vm.specification.vendor" value="Oracle Corporation"/>
    <property name="java.specification.name" value="Java Platform API Specification"/>
    <property name="java.awt.graphicsenv" value="sun.awt.Win32GraphicsEnvironment"/>
    <property name="surefire.real.class.path" value="C:\Users\MISAKI~1\AppData\Local\Temp\surefire4311415051969205709\surefirebooter9073680179447293432.jar"/>
    <property name="sun.boot.class.path" value="D:\Java\jdk1.8.0_321\jre\lib\resources.jar;D:\Java\jdk1.8.0_321\jre\lib\rt.jar;D:\Java\jdk1.8.0_321\jre\lib\sunrsasign.jar;D:\Java\jdk1.8.0_321\jre\lib\jsse.jar;D:\Java\jdk1.8.0_321\jre\lib\jce.jar;D:\Java\jdk1.8.0_321\jre\lib\charsets.jar;D:\Java\jdk1.8.0_321\jre\lib\jfr.jar;D:\Java\jdk1.8.0_321\jre\classes"/>
    <property name="user.script" value=""/>
    <property name="sun.management.compiler" value="HotSpot 64-Bit Tiered Compilers"/>
    <property name="java.runtime.version" value="1.8.0_321-b07"/>
    <property name="user.name" value="MisakiMikoto"/>
    <property name="path.separator" value=";"/>
    <property name="os.version" value="10.0"/>
    <property name="java.endorsed.dirs" value="D:\Java\jdk1.8.0_321\jre\lib\endorsed"/>
    <property name="java.runtime.name" value="Java(TM) SE Runtime Environment"/>
    <property name="file.encoding" value="GBK"/>
    <property name="java.vm.name" value="Java HotSpot(TM) 64-Bit Server VM"/>
    <property name="localRepository" value="D:\apache-maven-3.8.6\mvn_resp"/>
    <property name="java.vendor.url.bug" value="http://bugreport.sun.com/bugreport/"/>
    <property name="java.io.tmpdir" value="C:\Users\MISAKI~1\AppData\Local\Temp\"/>
    <property name="idea.version" value="2021.3.2"/>
    <property name="java.version" value="1.8.0_321"/>
    <property name="user.dir" value="D:\project\SpringBoot\YiLing_ClockIn_System"/>
    <property name="os.arch" value="amd64"/>
    <property name="java.vm.specification.name" value="Java Virtual Machine Specification"/>
    <property name="java.awt.printerjob" value="sun.awt.windows.WPrinterJob"/>
    <property name="sun.os.patch.level" value=""/>
    <property name="java.library.path" value="D:\Java\jdk1.8.0_321\jre\bin;C:\WINDOWS\Sun\Java\bin;C:\WINDOWS\system32;C:\WINDOWS;D:\MySQL\MySQL Server 8.0\bin;D:\Program Files\ImageMagick-7.1.0-Q16-HDRI;D:\Python\Scripts\;D:\Python\;C:\Program Files\Common Files\Oracle\Java\javapath;C:\Program Files (x86)\Common Files\Oracle\Java\javapath;C:\Windows\system32;C:\Windows;C:\Windows\System32\Wbem;C:\Windows\System32\WindowsPowerShell\v1.0\;C:\Windows\System32\OpenSSH\;C:\Program Files\Calibre2\;C:\Program Files (x86)\NVIDIA Corporation\PhysX\Common;C:\Program Files\NVIDIA Corporation\NVIDIA NvDLISR;D:\Program Files (x86)\NetSarang\Xshell 7\;E:\BandZip\Bandizip\;C:\Program Files\Pandoc\;D:\Program Files\CMake\bin;D:\Program Files (x86)\Bluetooth Command Line Tools\bin;D:\Program Files (x86)\WinSCP\;D:\Program Files (x86)\NetSarang\Xmanager 7\;D:\Program Files\Git\cmd;E:\nvm;E:\nodejs;D:\apache-maven-3.8.6\bin;C:\Program Files\Java\jdk-17.0.1\bin;C:\Program Files\dotnet\;C:\WINDOWS\system32;C:\WINDOWS;C:\WINDOWS\System32\Wbem;C:\WINDOWS\System32\WindowsPowerShell\v1.0\;C:\WINDOWS\System32\OpenSSH\;E:\Program Files\MATLAB\R2021a\runtime\win64;E:\Program Files\MATLAB\R2021a\bin;C:\Program Files\Microsoft SQL Server\150\Tools\Binn\;C:\Program Files\Microsoft SQL Server\Client SDK\ODBC\170\Tools\Binn\;D:\software\apache-maven-3.8.6\bin;C:\Users\MisakiMikoto\AppData\Local\Microsoft\WindowsApps;C:\Users\MisakiMikoto\Downloads\Compressed\mingw64\bin;D:\java\jdk1.8.0_321\bin;D:\Microsoft VS Code\bin;D:\IntelliJ IDEA 2021.3.2\bin;;D:\Program Files\CMake\bin;C:\MinGW\bin;E:\nodejs\node_global;E:\nvm;E:\nodejs;C:\Program Files\Java\jdk-17.0.1\bin;C:\Users\MisakiMikoto\.dotnet\tools;."/>
    <property name="java.vm.info" value="mixed mode"/>
    <property name="java.vendor" value="Oracle Corporation"/>
    <property name="java.vm.version" value="25.321-b07"/>
    <property name="java.ext.dirs" value="D:\Java\jdk1.8.0_321\jre\lib\ext;C:\WINDOWS\Sun\Java\lib\ext"/>
    <property name="sun.io.unicode.encoding" value="UnicodeLittle"/>
    <property name="java.class.version" value="52.0"/>
  </properties>
  <testcase name="time" classname="com.yiling.YiLingClockInSystemApplicationTests" time="0.309"/>
</testsuite>